


ARM Macro Assembler    Page 1 


    1 00000000                 AREA             test, CODE, READONLY
    2 00000000         
    3 00000000                 export           asm_dotproduct ; label must be 
                                                            exported if it is t
                                                            o be used as a func
                                                            tion in C
    4 00000000         asm_dotproduct
    5 00000000         
    6 00000000 B470            PUSH             {R4, R5, R6}
    7 00000002         
    8 00000002 ED90 0A00       VLDR.f32         S0, [R0]
    9 00000006 EDD1 0A00       VLDR.f32         S1, [R1]
   10 0000000A F04F 0500       MOV              R5, #0
   11 0000000E EE01 5A10       VMOV.f32         S2, R5      ;temp sum setting t
                                                            o zero
   12 00000012 F04F 0600       MOV              R6, #0
   13 00000016         
   14 00000016         loop
   15 00000016 F106 0601       ADD              R6, R6, #1  ;counter
   16 0000001A 42B2            CMP              R2, R6
   17 0000001C DB0A            BLT              done        ;exit condition
   18 0000001E EB00 0486       ADD              R4, R0, R6, LSL #2 ;index for n
                                                            ext item in both ar
                                                            rays
   19 00000022 EB01 0586       ADD              R5, R1, R6, LSL #2
   20 00000026 EE00 1A20       VMLA.f32         S2, S0, S1  ;mul S0 * S1 then a
                                                            dd S2 and store S2
   21 0000002A ED94 0A00       VLDR.f32         S0, [R4]
   22 0000002E EDD5 0A00       VLDR.f32         S1, [R5]
   23 00000032 E7F0            B                loop
   24 00000034         
   25 00000034         done
   26 00000034 ED83 1A00       VSTR.f32         S2, [R3]
   27 00000038 BC70            POP{R4,          R5, R6}
   28 0000003A 4770            BX               LR
   29 0000003C         
   30 0000003C                 END
Command Line: --debug --xref --diag_suppress=9931 --cpu=Cortex-M4.fp --apcs=int
erwork --depend=.\objects\asm_dotproduct.d -o.\objects\asm_dotproduct.o -IC:\44
4\ECSE444_Labs\GXX_Lab1\GXX_Lab1\RTE -IC:\Keil_v5\ARM\PACK\ARM\CMSIS\5.3.0\CMSI
S\Include -IC:\Keil_v5\ARM\PACK\ARM\CMSIS\5.3.0\Device\ARM\ARMCM4\Include --pre
define="__EVAL SETA 1" --predefine="__UVISION_VERSION SETA 515" --predefine="_R
TE_ SETA 1" --predefine="ARMCM4_FP SETA 1" --list=.\listings\asm_dotproduct.lst
 asm\asm_dotproduct.s



ARM Macro Assembler    Page 1 Alphabetic symbol ordering
Relocatable symbols

asm_dotproduct 00000000

Symbol: asm_dotproduct
   Definitions
      At line 4 in file asm\asm_dotproduct.s
   Uses
      At line 3 in file asm\asm_dotproduct.s
Comment: asm_dotproduct used once
done 00000034

Symbol: done
   Definitions
      At line 25 in file asm\asm_dotproduct.s
   Uses
      At line 17 in file asm\asm_dotproduct.s
Comment: done used once
loop 00000016

Symbol: loop
   Definitions
      At line 14 in file asm\asm_dotproduct.s
   Uses
      At line 23 in file asm\asm_dotproduct.s
Comment: loop used once
test 00000000

Symbol: test
   Definitions
      At line 1 in file asm\asm_dotproduct.s
   Uses
      None
Comment: test unused
4 symbols
339 symbols in table
