


ARM Macro Assembler    Page 1 


    1 00000000                 AREA             text, CODE, READONLY
    2 00000000         
    3 00000000                 export           dot_asm
    4 00000000         dot_asm
    5 00000000         
    6 00000000 E92D 1FF0       PUSH             {R4-R12}
    7 00000004 F04F 0600       MOV              R6, #0
    8 00000008 EE02 6A10       VMOV.f32         S4, R6      ;S4 will be the fin
                                                            al dot product 
    9 0000000C         
   10 0000000C         LOOP
   11 0000000C 1E52            SUBS             R2, R2, #1  ;loop counter that 
                                                            is decrementing fro
                                                            m N to 0 
   12 0000000E DB0A            BLT              DONE        ;if we have reached
                                                             0, the loop is ove
                                                            r 
   13 00000010 EB00 0482       ADD              R4, R0, R2, LSL #2 ;base addres
                                                            s for array a 
   14 00000014 EB01 0582       ADD              R5, R1, R2, LSL #2 ;base addres
                                                            s for array b 
   15 00000018 ED94 1A00       VLDR.f32         S2, [R4]    ;load element from 
                                                            array a 
   16 0000001C EDD5 1A00       VLDR.f32         S3, [R5]    ;load element from 
                                                            array b 
   17 00000020 EE01 2A21       VMLA.f32         S4, S2, S3  ;Multiply the two e
                                                            lements
   18 00000024 E7F2            B                LOOP
   19 00000026         
   20 00000026         DONE
   21 00000026 ED83 2A00       VSTR.f32         S4, [R3]
   22 0000002A E8BD 1FF0       POP              {R4-R12}
   23 0000002E 4770            BX               LR
   24 00000030                 END
Command Line: --debug --xref --diag_suppress=9931 --cpu=Cortex-M4.fp --apcs=int
erwork --depend=.\objects\dot_asm.d -o.\objects\dot_asm.o -I.\RTE\_GXX_Lab1 -I"
C:\School Programs\Keil_v5\ARM\PACK\ARM\CMSIS\5.4.0\CMSIS\Core\Include" -I"C:\S
chool Programs\Keil_v5\ARM\PACK\ARM\CMSIS\5.4.0\CMSIS\DSP\Include" -I"C:\School
 Programs\Keil_v5\ARM\PACK\ARM\CMSIS\5.4.0\Device\ARM\ARMCM4\Include" --predefi
ne="__EVAL SETA 1" --predefine="__UVISION_VERSION SETA 526" --predefine="_RTE_ 
SETA 1" --predefine="ARMCM4_FP SETA 1" --list=.\listings\dot_asm.lst asm\dot_as
m.s



ARM Macro Assembler    Page 1 Alphabetic symbol ordering
Relocatable symbols

DONE 00000026

Symbol: DONE
   Definitions
      At line 20 in file asm\dot_asm.s
   Uses
      At line 12 in file asm\dot_asm.s
Comment: DONE used once
LOOP 0000000C

Symbol: LOOP
   Definitions
      At line 10 in file asm\dot_asm.s
   Uses
      At line 18 in file asm\dot_asm.s
Comment: LOOP used once
dot_asm 00000000

Symbol: dot_asm
   Definitions
      At line 4 in file asm\dot_asm.s
   Uses
      At line 3 in file asm\dot_asm.s
Comment: dot_asm used once
text 00000000

Symbol: text
   Definitions
      At line 1 in file asm\dot_asm.s
   Uses
      None
Comment: text unused
4 symbols
339 symbols in table
