


ARM Macro Assembler    Page 1 


    1 00000000                 AREA             text, CODE, READONLY
    2 00000000         
    3 00000000                 export           var_asm
    4 00000000         
    5 00000000         var_asm
    6 00000000         
    7 00000000 E92D 1FF0       PUSH             {R4-R12}
    8 00000004 F04F 0600       MOV              R6, #0
    9 00000008 EE02 6A10       VMOV.f32         S4, R6      ;S4 will be the fin
                                                            al dot product 
   10 0000000C 460D            MOV              R5, R1
   11 0000000E         
   12 0000000E         LOOP
   13 0000000E 1E6D            SUBS             R5, R5, #1  ;loop counter that 
                                                            is decrementing fro
                                                            m N to 0 
   14 00000010 DB06            BLT              MEAN        ;if we have reached
                                                             0, the loop is ove
                                                            r 
   15 00000012 EB00 0485       ADD              R4, R0, R5, LSL #2 ;base addres
                                                            s for array a 
   16 00000016 ED94 1A00       VLDR.f32         S2, [R4]    ;load element from 
                                                            array a 
   17 0000001A EE32 2A01       VADD.f32         S4, S2
   18 0000001E E7F6            B                LOOP
   19 00000020         
   20 00000020         MEAN
   21 00000020 EE03 1A10       VMOV.f32         S6, R1
   22 00000024 EE82 2A03       VDIV.f32         S4, S4, S6
   23 00000028         
   24 00000028         DONE
   25 00000028 ED82 2A00       VSTR.f32         S4, [R2]
   26 0000002C E8BD 1FF0       POP              {R4-R12}
   27 00000030 4770            BX               LR
   28 00000032                 END
Command Line: --debug --xref --diag_suppress=9931 --cpu=Cortex-M4.fp --apcs=int
erwork --depend=.\objects\var_asm.d -o.\objects\var_asm.o -I.\RTE\_GXX_Lab1 -I"
C:\School Programs\Keil_v5\ARM\PACK\ARM\CMSIS\5.4.0\CMSIS\Core\Include" -I"C:\S
chool Programs\Keil_v5\ARM\PACK\ARM\CMSIS\5.4.0\CMSIS\DSP\Include" -I"C:\School
 Programs\Keil_v5\ARM\PACK\ARM\CMSIS\5.4.0\Device\ARM\ARMCM4\Include" --predefi
ne="__EVAL SETA 1" --predefine="__UVISION_VERSION SETA 526" --predefine="_RTE_ 
SETA 1" --predefine="ARMCM4_FP SETA 1" --list=.\listings\var_asm.lst var_asm.s



ARM Macro Assembler    Page 1 Alphabetic symbol ordering
Relocatable symbols

DONE 00000028

Symbol: DONE
   Definitions
      At line 24 in file var_asm.s
   Uses
      None
Comment: DONE unused
LOOP 0000000E

Symbol: LOOP
   Definitions
      At line 12 in file var_asm.s
   Uses
      At line 18 in file var_asm.s
Comment: LOOP used once
MEAN 00000020

Symbol: MEAN
   Definitions
      At line 20 in file var_asm.s
   Uses
      At line 14 in file var_asm.s
Comment: MEAN used once
text 00000000

Symbol: text
   Definitions
      At line 1 in file var_asm.s
   Uses
      None
Comment: text unused
var_asm 00000000

Symbol: var_asm
   Definitions
      At line 5 in file var_asm.s
   Uses
      At line 3 in file var_asm.s
Comment: var_asm used once
5 symbols
340 symbols in table
